[debug] [2024-10-15T23:03:29.590Z] ----------------------------------------------------------------------
[debug] [2024-10-15T23:03:29.595Z] Command:       C:\Program Files\nodejs\node.exe C:\Users\madis\AppData\Roaming\npm\node_modules\firebase-tools\lib\bin\firebase.js init
[debug] [2024-10-15T23:03:29.596Z] CLI Version:   13.22.0
[debug] [2024-10-15T23:03:29.596Z] Platform:      win32
[debug] [2024-10-15T23:03:29.597Z] Node Version:  v20.18.0
[debug] [2024-10-15T23:03:29.597Z] Time:          Tue Oct 15 2024 16:03:29 GMT-0700 (Pacific Daylight Time)
[debug] [2024-10-15T23:03:29.597Z] ----------------------------------------------------------------------
[debug] 
[debug] [2024-10-15T23:03:29.607Z] > command requires scopes: ["email","openid","https://www.googleapis.com/auth/cloudplatformprojects.readonly","https://www.googleapis.com/auth/firebase","https://www.googleapis.com/auth/cloud-platform"]
[debug] [2024-10-15T23:03:29.607Z] > authorizing via signed-in user (madisonewebb28@gmail.com)
[info] 
     ######## #### ########  ######## ########     ###     ######  ########
     ##        ##  ##     ## ##       ##     ##  ##   ##  ##       ##
     ######    ##  ########  ######   ########  #########  ######  ######
     ##        ##  ##    ##  ##       ##     ## ##     ##       ## ##
     ##       #### ##     ## ######## ########  ##     ##  ######  ########

You're about to initialize a Firebase project in this directory:

  C:\Users\madis\Desktop\CINS467-F24-Madison-Webb

[info] 
=== Project Setup
[info] 
[info] First, let's associate this project directory with a Firebase project.
[info] You can create multiple project aliases by running firebase use --add, 
[info] but for now we'll just set up a default project.
[info] 
[debug] [2024-10-15T23:03:59.074Z] Checked if tokens are valid: true, expires at: 1729036756222
[debug] [2024-10-15T23:03:59.074Z] Checked if tokens are valid: true, expires at: 1729036756222
[debug] [2024-10-15T23:03:59.076Z] >>> [apiv2][query] GET https://firebase.googleapis.com/v1beta1/projects pageSize=100
[debug] [2024-10-15T23:03:59.965Z] <<< [apiv2][status] GET https://firebase.googleapis.com/v1beta1/projects 200
[debug] [2024-10-15T23:03:59.965Z] <<< [apiv2][body] GET https://firebase.googleapis.com/v1beta1/projects [omitted]
[info] i  Using project madisonwebb-cins467 (MadisonWebb-CINS467) 
[info] 
=== Firestore Setup
[debug] [2024-10-15T23:04:05.337Z] Checked if tokens are valid: true, expires at: 1729036756222
[debug] [2024-10-15T23:04:05.337Z] Checked if tokens are valid: true, expires at: 1729036756222
[debug] [2024-10-15T23:04:05.337Z] >>> [apiv2][query] GET https://serviceusage.googleapis.com/v1/projects/madisonwebb-cins467/services/firestore.googleapis.com [none]
[debug] [2024-10-15T23:04:05.337Z] >>> [apiv2][(partial)header] GET https://serviceusage.googleapis.com/v1/projects/madisonwebb-cins467/services/firestore.googleapis.com x-goog-quota-user=projects/madisonwebb-cins467
[debug] [2024-10-15T23:04:06.198Z] <<< [apiv2][status] GET https://serviceusage.googleapis.com/v1/projects/madisonwebb-cins467/services/firestore.googleapis.com 200
[debug] [2024-10-15T23:04:06.199Z] <<< [apiv2][body] GET https://serviceusage.googleapis.com/v1/projects/madisonwebb-cins467/services/firestore.googleapis.com [omitted]
[debug] [2024-10-15T23:04:06.199Z] Checked if tokens are valid: true, expires at: 1729036756222
[debug] [2024-10-15T23:04:06.199Z] Checked if tokens are valid: true, expires at: 1729036756222
[debug] [2024-10-15T23:04:06.199Z] >>> [apiv2][query] GET https://firestore.googleapis.com/v1/projects/madisonwebb-cins467/databases/(default) [none]
[debug] [2024-10-15T23:04:06.725Z] <<< [apiv2][status] GET https://firestore.googleapis.com/v1/projects/madisonwebb-cins467/databases/(default) 404
[debug] [2024-10-15T23:04:06.725Z] <<< [apiv2][body] GET https://firestore.googleapis.com/v1/projects/madisonwebb-cins467/databases/(default) {"error":{"code":404,"message":"Project 'madisonwebb-cins467' or database '(default)' does not exist.","status":"NOT_FOUND"}}
[debug] [2024-10-15T23:04:06.726Z] error getting database type:  HTTP Error: 404, Project 'madisonwebb-cins467' or database '(default)' does not exist. {"name":"FirebaseError","children":[],"context":{"body":{"error":{"code":404,"message":"Project 'madisonwebb-cins467' or database '(default)' does not exist.","status":"NOT_FOUND"}},"response":{"statusCode":404}},"exit":1,"message":"HTTP Error: 404, Project 'madisonwebb-cins467' or database '(default)' does not exist.","status":404}
[info] (default) does not exist in project madisonwebb-cins467.
[debug] [2024-10-15T23:04:06.727Z] database_type: DATABASE_DOES_NOT_EXIST
